Arguments: 
  /usr/local/bin/node /usr/local/bin/yarn add babel-preset-react@6.24.1 babel-preset-env1.5.2

PATH: 
  /home/bathandwa/google-cloud-sdk/bin:/home/bathandwa/anaconda3/bin:/home/bathandwa/anaconda3/condabin:/usr/local/sbin:/usr/local/bin:/usr/sbin:/usr/bin:/sbin:/bin:/usr/games:/usr/local/games:/snap/bin:/snap/bin:/home/bathandwa/.dotnet/tools

Yarn version: 
  1.22.19

Node version: 
  20.3.1

Platform: 
  linux x64

Trace: 
  Error: https://registry.yarnpkg.com/babel-preset-env1.5.2: Not found
      at params.callback [as _callback] (/usr/local/lib/node_modules/yarn/lib/cli.js:66145:18)
      at self.callback (/usr/local/lib/node_modules/yarn/lib/cli.js:140890:22)
      at Request.emit (node:events:511:28)
      at Request.<anonymous> (/usr/local/lib/node_modules/yarn/lib/cli.js:141862:10)
      at Request.emit (node:events:511:28)
      at IncomingMessage.<anonymous> (/usr/local/lib/node_modules/yarn/lib/cli.js:141784:12)
      at Object.onceWrapper (node:events:625:28)
      at IncomingMessage.emit (node:events:523:35)
      at endReadableNT (node:internal/streams/readable:1367:12)
      at process.processTicksAndRejections (node:internal/process/task_queues:82:21)

npm manifest: 
  {
    "name": "indecision-app",
    "version": "1.0.0",
    "main": "index.js",
    "author": "Bathandwa Lolwana",
    "license": "MIT"
  }

yarn manifest: 
  No manifest

Lockfile: 
  No lockfile
